<?xml version="1.0" encoding="UTF-8"?>
<!-- Generated by org.testng.reporters.JUnitXMLReporter -->
<testsuite ignored="0" hostname="LAPTOP-ML7ORHO5" failures="0" tests="8" name="DataDrivenTest" time="20.999" errors="0" timestamp="2023-08-11T21:35:54 IST">
  <testcase classname="testCases.TC_004a_DataDrivenLogin2" name="test_dataDrivenLogin" time="2.229"/>
  <testcase classname="testCases.TC_004a_DataDrivenLogin2" name="test_dataDrivenLogin" time="1.635"/>
  <testcase classname="testCases.TC_004a_DataDrivenLogin2" name="test_dataDrivenLogin" time="1.596"/>
  <testcase classname="testCases.TC_004a_DataDrivenLogin2" name="test_dataDrivenLogin" time="1.536"/>
  <testcase classname="testCases.TC_004a_DataDrivenLogin2" name="test_dataDrivenLogin" time="2.607"/>
  <testcase classname="testCases.TC_004a_DataDrivenLogin2" name="test_dataDrivenLogin" time="1.622"/>
  <testcase classname="testCases.TC_004a_DataDrivenLogin2" name="test_dataDrivenLogin" time="1.462"/>
  <testcase classname="testCases.TC_004a_DataDrivenLogin2" name="test_dataDrivenLogin" time="1.878"/>
</testsuite> <!-- DataDrivenTest -->
