<?xml version="1.0" encoding="UTF-8"?>
<!-- Generated by org.testng.reporters.JUnitXMLReporter -->
<testsuite ignored="0" hostname="LAPTOP-ML7ORHO5" failures="0" tests="8" name="DataDrivenTest" time="18.25" errors="0" timestamp="2023-08-15T11:27:04 IST">
  <testcase classname="testCases.TC_004a_DataDrivenLogin2" name="test_dataDrivenLogin" time="2.096"/>
  <testcase classname="testCases.TC_004a_DataDrivenLogin2" name="test_dataDrivenLogin" time="1.314"/>
  <testcase classname="testCases.TC_004a_DataDrivenLogin2" name="test_dataDrivenLogin" time="1.333"/>
  <testcase classname="testCases.TC_004a_DataDrivenLogin2" name="test_dataDrivenLogin" time="1.009"/>
  <testcase classname="testCases.TC_004a_DataDrivenLogin2" name="test_dataDrivenLogin" time="2.357"/>
  <testcase classname="testCases.TC_004a_DataDrivenLogin2" name="test_dataDrivenLogin" time="2.159"/>
  <testcase classname="testCases.TC_004a_DataDrivenLogin2" name="test_dataDrivenLogin" time="0.956"/>
  <testcase classname="testCases.TC_004a_DataDrivenLogin2" name="test_dataDrivenLogin" time="2.542"/>
</testsuite> <!-- DataDrivenTest -->
