<?xml version="1.0" encoding="UTF-8"?>
<testng-results ignored="0" total="13" passed="13" failed="0" skipped="0">
  <reporter-output>
  </reporter-output>
  <suite started-at="2023-08-12T13:50:42 IST" name="DemoBlazeSuite" finished-at="2023-08-12T13:51:02 IST" duration-ms="19890">
    <groups>
      <group name="Master">
        <method signature="TC_003_PlaceOrder.test_Login()[pri:0, instance:testCases.TC_003_PlaceOrder@293a5bf6]" name="test_Login" class="testCases.TC_003_PlaceOrder"/>
        <method signature="TC_003_PlaceOrder.addToCart()[pri:0, instance:testCases.TC_003_PlaceOrder@293a5bf6]" name="addToCart" class="testCases.TC_003_PlaceOrder"/>
        <method signature="TC_001_CheckRegistration.test_account_Registration()[pri:0, instance:testCases.TC_001_CheckRegistration@72967906]" name="test_account_Registration" class="testCases.TC_001_CheckRegistration"/>
        <method signature="TC_002_CheckLogin.test_Login()[pri:0, instance:testCases.TC_002_CheckLogin@7d8995e]" name="test_Login" class="testCases.TC_002_CheckLogin"/>
      </group> <!-- Master -->
      <group name="Sanity">
        <method signature="TC_001_CheckRegistration.test_account_Registration()[pri:0, instance:testCases.TC_001_CheckRegistration@72967906]" name="test_account_Registration" class="testCases.TC_001_CheckRegistration"/>
        <method signature="TC_002_CheckLogin.test_Login()[pri:0, instance:testCases.TC_002_CheckLogin@7d8995e]" name="test_Login" class="testCases.TC_002_CheckLogin"/>
      </group> <!-- Sanity -->
      <group name="Regression">
        <method signature="TC_003_PlaceOrder.test_Login()[pri:0, instance:testCases.TC_003_PlaceOrder@293a5bf6]" name="test_Login" class="testCases.TC_003_PlaceOrder"/>
        <method signature="TC_003_PlaceOrder.addToCart()[pri:0, instance:testCases.TC_003_PlaceOrder@293a5bf6]" name="addToCart" class="testCases.TC_003_PlaceOrder"/>
      </group> <!-- Regression -->
    </groups>
    <test started-at="2023-08-12T13:50:42 IST" name="DemoBlazeTest" finished-at="2023-08-12T13:51:02 IST" duration-ms="19890">
      <class name="testCases.TC_001_CheckRegistration">
        <test-method is-config="true" signature="setup(java.lang.String)[pri:0, instance:testCases.TC_001_CheckRegistration@72967906]" started-at="2023-08-12T13:50:43 IST" name="setup" finished-at="2023-08-12T13:50:47 IST" duration-ms="4672" status="PASS">
          <params>
            <param index="0">
              <value>
                <![CDATA[chrome]]>
              </value>
            </param>
          </params>
          <reporter-output>
          </reporter-output>
        </test-method> <!-- setup -->
        <test-method signature="test_account_Registration()[pri:0, instance:testCases.TC_001_CheckRegistration@72967906]" started-at="2023-08-12T13:50:47 IST" name="test_account_Registration" finished-at="2023-08-12T13:50:49 IST" duration-ms="1395" status="PASS">
          <reporter-output>
          </reporter-output>
        </test-method> <!-- test_account_Registration -->
        <test-method is-config="true" signature="tearDown()[pri:0, instance:testCases.TC_001_CheckRegistration@72967906]" started-at="2023-08-12T13:50:49 IST" name="tearDown" finished-at="2023-08-12T13:50:49 IST" duration-ms="155" status="PASS">
          <reporter-output>
          </reporter-output>
        </test-method> <!-- tearDown -->
      </class> <!-- testCases.TC_001_CheckRegistration -->
      <class name="testCases.TC_002_CheckLogin">
        <test-method is-config="true" signature="setup(java.lang.String)[pri:0, instance:testCases.TC_002_CheckLogin@7d8995e]" started-at="2023-08-12T13:50:49 IST" name="setup" finished-at="2023-08-12T13:50:52 IST" duration-ms="3180" status="PASS">
          <params>
            <param index="0">
              <value>
                <![CDATA[chrome]]>
              </value>
            </param>
          </params>
          <reporter-output>
          </reporter-output>
        </test-method> <!-- setup -->
        <test-method signature="test_Login()[pri:0, instance:testCases.TC_002_CheckLogin@7d8995e]" started-at="2023-08-12T13:50:52 IST" name="test_Login" finished-at="2023-08-12T13:50:54 IST" duration-ms="1926" status="PASS">
          <reporter-output>
          </reporter-output>
        </test-method> <!-- test_Login -->
        <test-method is-config="true" signature="tearDown()[pri:0, instance:testCases.TC_002_CheckLogin@7d8995e]" started-at="2023-08-12T13:50:54 IST" name="tearDown" finished-at="2023-08-12T13:50:54 IST" duration-ms="173" status="PASS">
          <reporter-output>
          </reporter-output>
        </test-method> <!-- tearDown -->
      </class> <!-- testCases.TC_002_CheckLogin -->
      <class name="testCases.TC_003_PlaceOrder">
        <test-method is-config="true" signature="setup(java.lang.String)[pri:0, instance:testCases.TC_003_PlaceOrder@293a5bf6]" started-at="2023-08-12T13:50:54 IST" name="setup" finished-at="2023-08-12T13:50:57 IST" duration-ms="2335" status="PASS">
          <params>
            <param index="0">
              <value>
                <![CDATA[chrome]]>
              </value>
            </param>
          </params>
          <reporter-output>
          </reporter-output>
        </test-method> <!-- setup -->
        <test-method signature="test_Login()[pri:0, instance:testCases.TC_003_PlaceOrder@293a5bf6]" started-at="2023-08-12T13:50:57 IST" name="test_Login" finished-at="2023-08-12T13:50:59 IST" duration-ms="2277" status="PASS">
          <reporter-output>
          </reporter-output>
        </test-method> <!-- test_Login -->
        <test-method signature="addToCart()[pri:0, instance:testCases.TC_003_PlaceOrder@293a5bf6]" started-at="2023-08-12T13:50:59 IST" name="addToCart" finished-at="2023-08-12T13:51:02 IST" depends-on-methods="testCases.TC_003_PlaceOrder.test_Login" duration-ms="3353" status="PASS">
          <reporter-output>
          </reporter-output>
        </test-method> <!-- addToCart -->
        <test-method signature="placeOrder()[pri:0, instance:testCases.TC_003_PlaceOrder@293a5bf6]" started-at="2023-08-12T13:51:02 IST" name="placeOrder" finished-at="2023-08-12T13:51:02 IST" depends-on-methods="testCases.TC_003_PlaceOrder.addToCart, testCases.TC_003_PlaceOrder.test_Login" duration-ms="67" status="PASS">
          <reporter-output>
          </reporter-output>
        </test-method> <!-- placeOrder -->
        <test-method is-config="true" signature="tearDown()[pri:0, instance:testCases.TC_003_PlaceOrder@293a5bf6]" started-at="2023-08-12T13:51:02 IST" name="tearDown" finished-at="2023-08-12T13:51:02 IST" duration-ms="162" status="PASS">
          <reporter-output>
          </reporter-output>
        </test-method> <!-- tearDown -->
      </class> <!-- testCases.TC_003_PlaceOrder -->
    </test> <!-- DemoBlazeTest -->
  </suite> <!-- DemoBlazeSuite -->
  <suite started-at="2023-08-12T13:51:03 IST" name="DemoBlazeSuite (0)" finished-at="2023-08-12T13:51:20 IST" duration-ms="17718">
    <groups>
    </groups>
    <test started-at="2023-08-12T13:51:03 IST" name="DataDrivenTest" finished-at="2023-08-12T13:51:20 IST" duration-ms="17718">
      <class name="testCases.TC_004a_DataDrivenLogin2">
        <test-method is-config="true" signature="setup(java.lang.String)[pri:0, instance:testCases.TC_004a_DataDrivenLogin2@30c15d8b]" started-at="2023-08-12T13:51:03 IST" name="setup" finished-at="2023-08-12T13:51:06 IST" duration-ms="3000" status="PASS">
          <params>
            <param index="0">
              <value>
                <![CDATA[chrome]]>
              </value>
            </param>
          </params>
          <reporter-output>
          </reporter-output>
        </test-method> <!-- setup -->
        <test-method signature="test_dataDrivenLogin(java.lang.String,java.lang.String,java.lang.String)[pri:0, instance:testCases.TC_004a_DataDrivenLogin2@30c15d8b]" started-at="2023-08-12T13:51:06 IST" name="test_dataDrivenLogin" data-provider="LoginData" finished-at="2023-08-12T13:51:09 IST" duration-ms="2155" status="PASS">
          <params>
            <param index="0">
              <value>
                <![CDATA[Alexander555]]>
              </value>
            </param>
            <param index="1">
              <value>
                <![CDATA[Chandi]]>
              </value>
            </param>
            <param index="2">
              <value>
                <![CDATA[Pass]]>
              </value>
            </param>
          </params>
          <reporter-output>
          </reporter-output>
        </test-method> <!-- test_dataDrivenLogin -->
        <test-method signature="test_dataDrivenLogin(java.lang.String,java.lang.String,java.lang.String)[pri:0, instance:testCases.TC_004a_DataDrivenLogin2@30c15d8b]" started-at="2023-08-12T13:51:09 IST" name="test_dataDrivenLogin" data-provider="LoginData" finished-at="2023-08-12T13:51:10 IST" duration-ms="1589" status="PASS">
          <params>
            <param index="0">
              <value>
                <![CDATA[Surya555]]>
              </value>
            </param>
            <param index="1">
              <value>
                <![CDATA[Kar]]>
              </value>
            </param>
            <param index="2">
              <value>
                <![CDATA[Pass]]>
              </value>
            </param>
          </params>
          <reporter-output>
          </reporter-output>
        </test-method> <!-- test_dataDrivenLogin -->
        <test-method signature="test_dataDrivenLogin(java.lang.String,java.lang.String,java.lang.String)[pri:0, instance:testCases.TC_004a_DataDrivenLogin2@30c15d8b]" started-at="2023-08-12T13:51:10 IST" name="test_dataDrivenLogin" data-provider="LoginData" finished-at="2023-08-12T13:51:12 IST" duration-ms="1516" status="PASS">
          <params>
            <param index="0">
              <value>
                <![CDATA[RohitS]]>
              </value>
            </param>
            <param index="1">
              <value>
                <![CDATA[IPL5]]>
              </value>
            </param>
            <param index="2">
              <value>
                <![CDATA[Pass]]>
              </value>
            </param>
          </params>
          <reporter-output>
          </reporter-output>
        </test-method> <!-- test_dataDrivenLogin -->
        <test-method signature="test_dataDrivenLogin(java.lang.String,java.lang.String,java.lang.String)[pri:0, instance:testCases.TC_004a_DataDrivenLogin2@30c15d8b]" started-at="2023-08-12T13:51:12 IST" name="test_dataDrivenLogin" data-provider="LoginData" finished-at="2023-08-12T13:51:13 IST" duration-ms="1015" status="PASS">
          <params>
            <param index="0">
              <value>
                <![CDATA[Halwa]]>
              </value>
            </param>
            <param index="1">
              <value>
                <![CDATA[Puri]]>
              </value>
            </param>
            <param index="2">
              <value>
                <![CDATA[Fail]]>
              </value>
            </param>
          </params>
          <reporter-output>
          </reporter-output>
        </test-method> <!-- test_dataDrivenLogin -->
        <test-method signature="test_dataDrivenLogin(java.lang.String,java.lang.String,java.lang.String)[pri:0, instance:testCases.TC_004a_DataDrivenLogin2@30c15d8b]" started-at="2023-08-12T13:51:13 IST" name="test_dataDrivenLogin" data-provider="LoginData" finished-at="2023-08-12T13:51:15 IST" duration-ms="2586" status="PASS">
          <params>
            <param index="0">
              <value>
                <![CDATA[Dhoti]]>
              </value>
            </param>
            <param index="1">
              <value>
                <![CDATA[Chor]]>
              </value>
            </param>
            <param index="2">
              <value>
                <![CDATA[Pass]]>
              </value>
            </param>
          </params>
          <reporter-output>
          </reporter-output>
        </test-method> <!-- test_dataDrivenLogin -->
        <test-method signature="test_dataDrivenLogin(java.lang.String,java.lang.String,java.lang.String)[pri:0, instance:testCases.TC_004a_DataDrivenLogin2@30c15d8b]" started-at="2023-08-12T13:51:15 IST" name="test_dataDrivenLogin" data-provider="LoginData" finished-at="2023-08-12T13:51:17 IST" duration-ms="1561" status="PASS">
          <params>
            <param index="0">
              <value>
                <![CDATA[Kaala]]>
              </value>
            </param>
            <param index="1">
              <value>
                <![CDATA[Jamun]]>
              </value>
            </param>
            <param index="2">
              <value>
                <![CDATA[Pass]]>
              </value>
            </param>
          </params>
          <reporter-output>
          </reporter-output>
        </test-method> <!-- test_dataDrivenLogin -->
        <test-method signature="test_dataDrivenLogin(java.lang.String,java.lang.String,java.lang.String)[pri:0, instance:testCases.TC_004a_DataDrivenLogin2@30c15d8b]" started-at="2023-08-12T13:51:17 IST" name="test_dataDrivenLogin" data-provider="LoginData" finished-at="2023-08-12T13:51:18 IST" duration-ms="972" status="PASS">
          <params>
            <param index="0">
              <value>
                <![CDATA[Captain]]>
              </value>
            </param>
            <param index="1">
              <value>
                <![CDATA[Deadpool]]>
              </value>
            </param>
            <param index="2">
              <value>
                <![CDATA[Fail]]>
              </value>
            </param>
          </params>
          <reporter-output>
          </reporter-output>
        </test-method> <!-- test_dataDrivenLogin -->
        <test-method signature="test_dataDrivenLogin(java.lang.String,java.lang.String,java.lang.String)[pri:0, instance:testCases.TC_004a_DataDrivenLogin2@30c15d8b]" started-at="2023-08-12T13:51:18 IST" name="test_dataDrivenLogin" data-provider="LoginData" finished-at="2023-08-12T13:51:20 IST" duration-ms="2305" status="PASS">
          <params>
            <param index="0">
              <value>
                <![CDATA[Kaaju]]>
              </value>
            </param>
            <param index="1">
              <value>
                <![CDATA[Katli]]>
              </value>
            </param>
            <param index="2">
              <value>
                <![CDATA[Pass]]>
              </value>
            </param>
          </params>
          <reporter-output>
          </reporter-output>
        </test-method> <!-- test_dataDrivenLogin -->
        <test-method is-config="true" signature="tearDown()[pri:0, instance:testCases.TC_004a_DataDrivenLogin2@30c15d8b]" started-at="2023-08-12T13:51:20 IST" name="tearDown" finished-at="2023-08-12T13:51:20 IST" duration-ms="149" status="PASS">
          <reporter-output>
          </reporter-output>
        </test-method> <!-- tearDown -->
      </class> <!-- testCases.TC_004a_DataDrivenLogin2 -->
    </test> <!-- DataDrivenTest -->
  </suite> <!-- DemoBlazeSuite (0) -->
</testng-results>
