<?xml version="1.0" encoding="UTF-8"?>
<!-- Generated by org.testng.reporters.JUnitXMLReporter -->
<testsuite ignored="0" hostname="LAPTOP-ML7ORHO5" failures="0" tests="5" name="DemoBlazeTest" time="19.935" errors="0" timestamp="2023-08-12T11:34:35 IST">
  <testcase classname="testCases.TC_001_CheckRegistration" name="test_account_Registration" time="1.544"/>
  <testcase classname="testCases.TC_002_CheckLogin" name="test_Login" time="2.51"/>
  <testcase classname="testCases.TC_003_PlaceOrder" name="test_Login" time="2.719"/>
  <testcase classname="testCases.TC_003_PlaceOrder" name="addToCart" time="3.481"/>
  <testcase classname="testCases.TC_003_PlaceOrder" name="placeOrder" time="0.075"/>
</testsuite> <!-- DemoBlazeTest -->
