<?xml version="1.0" encoding="UTF-8"?>
<testng-results ignored="0" total="8" passed="8" failed="0" skipped="0">
  <reporter-output>
  </reporter-output>
  <suite started-at="2023-08-15T11:26:46 IST" name="DemoBlazeSuite" finished-at="2023-08-15T11:27:04 IST" duration-ms="18250">
    <groups>
    </groups>
    <test started-at="2023-08-15T11:26:46 IST" name="DataDrivenTest" finished-at="2023-08-15T11:27:04 IST" duration-ms="18250">
      <class name="testCases.TC_004a_DataDrivenLogin2">
        <test-method is-config="true" signature="setup(java.lang.String)[pri:0, instance:testCases.TC_004a_DataDrivenLogin2@fbd1f6]" started-at="2023-08-15T11:26:46 IST" name="setup" finished-at="2023-08-15T11:26:49 IST" duration-ms="3430" status="PASS">
          <params>
            <param index="0">
              <value>
                <![CDATA[chrome]]>
              </value>
            </param>
          </params>
          <reporter-output>
          </reporter-output>
        </test-method> <!-- setup -->
        <test-method signature="test_dataDrivenLogin(java.lang.String,java.lang.String,java.lang.String)[pri:0, instance:testCases.TC_004a_DataDrivenLogin2@fbd1f6]" started-at="2023-08-15T11:26:50 IST" name="test_dataDrivenLogin" data-provider="LoginData" finished-at="2023-08-15T11:26:52 IST" duration-ms="2096" status="PASS">
          <params>
            <param index="0">
              <value>
                <![CDATA[Alexander555]]>
              </value>
            </param>
            <param index="1">
              <value>
                <![CDATA[Chandi]]>
              </value>
            </param>
            <param index="2">
              <value>
                <![CDATA[Pass]]>
              </value>
            </param>
          </params>
          <reporter-output>
          </reporter-output>
        </test-method> <!-- test_dataDrivenLogin -->
        <test-method signature="test_dataDrivenLogin(java.lang.String,java.lang.String,java.lang.String)[pri:0, instance:testCases.TC_004a_DataDrivenLogin2@fbd1f6]" started-at="2023-08-15T11:26:52 IST" name="test_dataDrivenLogin" data-provider="LoginData" finished-at="2023-08-15T11:26:54 IST" duration-ms="1314" status="PASS">
          <params>
            <param index="0">
              <value>
                <![CDATA[Surya555]]>
              </value>
            </param>
            <param index="1">
              <value>
                <![CDATA[Kar]]>
              </value>
            </param>
            <param index="2">
              <value>
                <![CDATA[Pass]]>
              </value>
            </param>
          </params>
          <reporter-output>
          </reporter-output>
        </test-method> <!-- test_dataDrivenLogin -->
        <test-method signature="test_dataDrivenLogin(java.lang.String,java.lang.String,java.lang.String)[pri:0, instance:testCases.TC_004a_DataDrivenLogin2@fbd1f6]" started-at="2023-08-15T11:26:54 IST" name="test_dataDrivenLogin" data-provider="LoginData" finished-at="2023-08-15T11:26:55 IST" duration-ms="1333" status="PASS">
          <params>
            <param index="0">
              <value>
                <![CDATA[RohitS]]>
              </value>
            </param>
            <param index="1">
              <value>
                <![CDATA[IPL5]]>
              </value>
            </param>
            <param index="2">
              <value>
                <![CDATA[Pass]]>
              </value>
            </param>
          </params>
          <reporter-output>
          </reporter-output>
        </test-method> <!-- test_dataDrivenLogin -->
        <test-method signature="test_dataDrivenLogin(java.lang.String,java.lang.String,java.lang.String)[pri:0, instance:testCases.TC_004a_DataDrivenLogin2@fbd1f6]" started-at="2023-08-15T11:26:55 IST" name="test_dataDrivenLogin" data-provider="LoginData" finished-at="2023-08-15T11:26:56 IST" duration-ms="1009" status="PASS">
          <params>
            <param index="0">
              <value>
                <![CDATA[Halwa]]>
              </value>
            </param>
            <param index="1">
              <value>
                <![CDATA[Puri]]>
              </value>
            </param>
            <param index="2">
              <value>
                <![CDATA[Fail]]>
              </value>
            </param>
          </params>
          <reporter-output>
          </reporter-output>
        </test-method> <!-- test_dataDrivenLogin -->
        <test-method signature="test_dataDrivenLogin(java.lang.String,java.lang.String,java.lang.String)[pri:0, instance:testCases.TC_004a_DataDrivenLogin2@fbd1f6]" started-at="2023-08-15T11:26:56 IST" name="test_dataDrivenLogin" data-provider="LoginData" finished-at="2023-08-15T11:26:58 IST" duration-ms="2357" status="PASS">
          <params>
            <param index="0">
              <value>
                <![CDATA[Dhoti]]>
              </value>
            </param>
            <param index="1">
              <value>
                <![CDATA[Chor]]>
              </value>
            </param>
            <param index="2">
              <value>
                <![CDATA[Pass]]>
              </value>
            </param>
          </params>
          <reporter-output>
          </reporter-output>
        </test-method> <!-- test_dataDrivenLogin -->
        <test-method signature="test_dataDrivenLogin(java.lang.String,java.lang.String,java.lang.String)[pri:0, instance:testCases.TC_004a_DataDrivenLogin2@fbd1f6]" started-at="2023-08-15T11:26:58 IST" name="test_dataDrivenLogin" data-provider="LoginData" finished-at="2023-08-15T11:27:00 IST" duration-ms="2159" status="PASS">
          <params>
            <param index="0">
              <value>
                <![CDATA[Kaala]]>
              </value>
            </param>
            <param index="1">
              <value>
                <![CDATA[Jamun]]>
              </value>
            </param>
            <param index="2">
              <value>
                <![CDATA[Pass]]>
              </value>
            </param>
          </params>
          <reporter-output>
          </reporter-output>
        </test-method> <!-- test_dataDrivenLogin -->
        <test-method signature="test_dataDrivenLogin(java.lang.String,java.lang.String,java.lang.String)[pri:0, instance:testCases.TC_004a_DataDrivenLogin2@fbd1f6]" started-at="2023-08-15T11:27:00 IST" name="test_dataDrivenLogin" data-provider="LoginData" finished-at="2023-08-15T11:27:01 IST" duration-ms="956" status="PASS">
          <params>
            <param index="0">
              <value>
                <![CDATA[Captain]]>
              </value>
            </param>
            <param index="1">
              <value>
                <![CDATA[Deadpool]]>
              </value>
            </param>
            <param index="2">
              <value>
                <![CDATA[Fail]]>
              </value>
            </param>
          </params>
          <reporter-output>
          </reporter-output>
        </test-method> <!-- test_dataDrivenLogin -->
        <test-method signature="test_dataDrivenLogin(java.lang.String,java.lang.String,java.lang.String)[pri:0, instance:testCases.TC_004a_DataDrivenLogin2@fbd1f6]" started-at="2023-08-15T11:27:01 IST" name="test_dataDrivenLogin" data-provider="LoginData" finished-at="2023-08-15T11:27:04 IST" duration-ms="2542" status="PASS">
          <params>
            <param index="0">
              <value>
                <![CDATA[Kaaju]]>
              </value>
            </param>
            <param index="1">
              <value>
                <![CDATA[Katli]]>
              </value>
            </param>
            <param index="2">
              <value>
                <![CDATA[Pass]]>
              </value>
            </param>
          </params>
          <reporter-output>
          </reporter-output>
        </test-method> <!-- test_dataDrivenLogin -->
        <test-method is-config="true" signature="tearDown()[pri:0, instance:testCases.TC_004a_DataDrivenLogin2@fbd1f6]" started-at="2023-08-15T11:27:04 IST" name="tearDown" finished-at="2023-08-15T11:27:04 IST" duration-ms="124" status="PASS">
          <reporter-output>
          </reporter-output>
        </test-method> <!-- tearDown -->
      </class> <!-- testCases.TC_004a_DataDrivenLogin2 -->
    </test> <!-- DataDrivenTest -->
  </suite> <!-- DemoBlazeSuite -->
</testng-results>
